<?xml version="1.0" encoding="UTF-8"?>
<!-- Generated by org.testng.reporters.JUnitReportReporter -->
<testsuite hostname="LAPTOP-47DQICJU" failures="0" tests="1" name="com.sevenrmartsupermarket.tests.ManageProductTest" time="10.359" errors="0" timestamp="2024-03-12T20:05:40 IST" skipped="0">
  <testcase classname="com.sevenrmartsupermarket.tests.ManageProductTest" name="verifyEditProduct" time="10.359"/>
  <system-out/>
</testsuite> <!-- com.sevenrmartsupermarket.tests.ManageProductTest -->
